2025-01-20 12:06:18 - INFO - No optional test files provided. The data will be split into training and test set.
2025-01-20 12:06:58 - INFO - Methods found in config file: ['random_forest', 'xgboost']
2025-01-20 12:09:01 - INFO - No optional test files provided. The data will be split into training and test set.
2025-01-20 12:09:01 - INFO - Threshold filtering all genes with a count less than the 10 in 3 samples
2025-01-20 12:09:06 - INFO - Performing PCA with 2 components
2025-01-20 12:09:08 - INFO - Correlation filtering all genes with a correlation greater than 0.9, using the spearman method
2025-01-20 12:09:36 - INFO - Methods found in config file: ['random_forest', 'xgboost']
2025-01-20 12:10:57 - INFO - No optional test files provided. The data will be split into training and test set.
2025-01-20 12:10:57 - INFO - Threshold filtering all genes with a count less than the 10 in 3 samples
2025-01-20 12:11:01 - INFO - Performing PCA with 2 components
2025-01-20 12:11:03 - INFO - Correlation filtering all genes with a correlation greater than 0.9, using the spearman method
2025-01-20 12:11:34 - INFO - Methods found in config file: ['random_forest', 'xgboost']
2025-01-20 12:11:34 - INFO - Running Random Forest...
2025-01-20 12:11:39 - INFO - Running XGBoost...
2025-01-20 12:12:30 - INFO - No optional test files provided. The data will be split into training and test set.
2025-01-20 12:12:30 - INFO - Threshold filtering all genes with a count less than the 10 in 3 samples
2025-01-20 12:12:35 - INFO - Performing PCA with 2 components
2025-01-20 12:12:37 - INFO - Correlation filtering all genes with a correlation greater than 0.9, using the spearman method
2025-01-20 12:13:09 - INFO - Methods found in config file: ['random_forest', 'xgboost']
2025-01-20 12:13:09 - INFO - Running Random Forest...
2025-01-20 12:13:14 - INFO - Running XGBoost...
2025-01-20 12:30:33 - INFO - No optional test files provided. The data will be split into training and test set.
2025-01-20 12:30:33 - INFO - Threshold filtering all genes with a count less than the 10 in 3 samples
2025-01-20 12:30:38 - INFO - Performing PCA with 2 components
2025-01-20 12:30:41 - INFO - Correlation filtering all genes with a correlation greater than 0.9, using the spearman method
2025-01-20 12:31:10 - INFO - Methods found in config file: ['random_forest', 'xgboost']
2025-01-20 12:31:10 - INFO - Running Random Forest...
2025-01-20 12:31:15 - INFO - Running XGBoost...
2025-01-20 13:12:48 - INFO - No optional test files provided. The data will be split into training and test set.
2025-01-20 13:12:48 - INFO - Threshold filtering all genes with a count less than the 10 in 3 samples
2025-01-20 13:12:53 - INFO - Performing PCA with 2 components
2025-01-20 13:12:55 - INFO - Correlation filtering all genes with a correlation greater than 0.9, using the spearman method
2025-01-20 13:13:27 - INFO - Methods found in config file: ['random_forest', 'xgboost']
2025-01-20 13:13:27 - INFO - Running Random Forest...
2025-01-20 13:13:32 - INFO - Running XGBoost...
2025-01-20 13:34:41 - INFO - No optional test files provided. The data will be split into training and test set.
2025-01-20 13:34:41 - INFO - Threshold filtering all genes with a count less than the 10 in 3 samples
2025-01-20 13:34:46 - INFO - Performing PCA with 2 components
2025-01-20 13:34:49 - INFO - Correlation filtering all genes with a correlation greater than 0.9, using the spearman method
2025-01-20 13:35:24 - INFO - Methods found in config file: ['random_forest', 'xgboost']
2025-01-20 13:35:24 - INFO - Running Random Forest...
2025-01-20 13:35:29 - INFO - Running XGBoost...
2025-01-20 14:55:06 - INFO - No optional test files provided. The data will be split into training and test set.
2025-01-20 14:55:06 - INFO - Threshold filtering all genes with a count less than the 10 in 3 samples
2025-01-20 14:55:07 - INFO - Performing PCA with 2 components
2025-01-20 14:55:09 - INFO - Correlation filtering all genes with a correlation greater than 0.9, using the spearman method
2025-01-20 14:55:21 - INFO - Methods found in config file: ['random_forest', 'xgboost']
2025-01-20 14:55:21 - INFO - Running Random Forest...
2025-01-20 14:55:23 - INFO - Running XGBoost...
2025-01-20 14:57:29 - INFO - -----Starting the analysis tool...-----
2025-01-20 14:57:29 - INFO - files given: 
-->mock_data_lc\lc_mirna_counts.csv 
-->mock_data_lc\lc_dataset.csv
2025-01-20 14:57:30 - INFO - No optional test files provided. The data will be split into training and test set.
2025-01-20 14:57:30 - INFO - Threshold filtering all genes with a count less than the 10 in 3 samples
2025-01-20 14:57:31 - INFO - Performing PCA with 2 components
2025-01-20 14:57:32 - INFO - Correlation filtering all genes with a correlation greater than 0.9, using the spearman method
2025-01-20 14:57:45 - INFO - Methods found in config file: ['random_forest', 'xgboost']
2025-01-20 14:57:45 - INFO - Running Random Forest...
2025-01-20 14:57:47 - INFO - Running XGBoost...
2025-01-20 14:58:47 - INFO - -----Starting the analysis tool...-----
2025-01-20 14:58:47 - INFO - files given: COUNT File -->mock_data_lc\lc_mirna_counts.csv METADATA File-->mock_data_lc\lc_dataset.csv
2025-01-20 14:58:47 - INFO - No optional test files provided. The data will be split into training and test set.
2025-01-20 14:58:47 - INFO - Threshold filtering all genes with a count less than the 10 in 3 samples
2025-01-20 14:58:49 - INFO - Performing PCA with 2 components
2025-01-20 14:58:50 - INFO - Correlation filtering all genes with a correlation greater than 0.9, using the spearman method
2025-01-20 14:59:04 - INFO - Methods found in config file: ['random_forest', 'xgboost']
2025-01-20 14:59:04 - INFO - Running Random Forest...
2025-01-20 14:59:06 - INFO - Running XGBoost...
2025-01-20 14:59:26 - INFO - -------------------------Starting the analysis tool...-------------------------
2025-01-20 14:59:26 - INFO - files given: COUNT File -->mock_data_lc\lc_mirna_counts.csv METADATA File-->mock_data_lc\lc_dataset.csv
2025-01-20 14:59:26 - INFO - No optional test files provided. The data will be split into training and test set.
2025-01-20 14:59:26 - INFO - Threshold filtering all genes with a count less than the 10 in 3 samples
2025-01-20 14:59:28 - INFO - Performing PCA with 2 components
2025-01-20 14:59:28 - INFO - Correlation filtering all genes with a correlation greater than 0.9, using the spearman method
2025-01-20 14:59:42 - INFO - Methods found in config file: ['random_forest', 'xgboost']
2025-01-20 14:59:42 - INFO - Running Random Forest...
2025-01-20 14:59:44 - INFO - Running XGBoost...
2025-01-20 15:03:27 - INFO - -------------------------Starting the analysis tool...-------------------------
2025-01-20 15:03:27 - INFO - files given: COUNT File --> mock_data_lc\lc_mirna_counts.csv METADATA File --> mock_data_lc\lc_dataset.csv
2025-01-20 15:03:27 - INFO - No optional test files provided. The data will be split into training and test set.
2025-01-20 15:03:27 - INFO - Threshold filtering all genes with a count less than the 10 in 3 samples
2025-01-20 15:03:29 - INFO - Pre-filtering methods activated in config file
2025-01-20 15:03:29 - INFO - Performing PCA with 2 components
2025-01-20 15:03:29 - INFO - Correlation filtering all genes with a correlation greater than 0.9, using the spearman method
2025-01-20 15:03:43 - INFO - Feature selection methods activated in config file: ['random_forest', 'xgboost']
2025-01-20 15:03:43 - INFO - Running Random Forest...
2025-01-20 15:03:45 - INFO - Running XGBoost...
2025-01-20 15:05:37 - INFO - -------------------------Starting the analysis tool...-------------------------
2025-01-20 15:05:37 - INFO - files given: COUNT File --> mock_data_lc\lc_mirna_counts.csv METADATA File --> mock_data_lc\lc_dataset.csv
2025-01-20 15:05:38 - INFO - No optional test files provided. The data will be split into training and test set. Test size: 0.2, Random state: 42
2025-01-20 15:05:38 - INFO - Threshold filtering all genes with a count less than the 10 in 3 samples
2025-01-20 15:05:40 - INFO - Pre-filtering methods activated in config file
2025-01-20 15:05:40 - INFO - Performing PCA with 2 components
2025-01-20 15:05:40 - INFO - Correlation filtering all genes with a correlation greater than 0.9, using the spearman method
2025-01-20 15:05:55 - INFO - Feature selection methods activated in config file: ['random_forest', 'xgboost']
2025-01-20 15:05:55 - INFO - Running Random Forest...
2025-01-20 15:05:56 - INFO - Running XGBoost...
2025-01-20 15:08:46 - INFO - -------------------------Starting the analysis tool...-------------------------
2025-01-20 15:08:46 - INFO - files given: COUNT File --> mock_data_lc\lc_mirna_counts.csv METADATA File --> mock_data_lc\lc_dataset.csv
2025-01-20 15:08:46 - INFO - No optional test files provided. The data will be split into training and test set. Test size: 0.2, Random state: 42
2025-01-20 15:08:46 - INFO - Threshold filtering all genes with a count less than the 10 in 3 samples
2025-01-20 15:10:57 - INFO - -------------------------Starting the analysis tool...-------------------------
2025-01-20 15:10:57 - INFO - files given: COUNT File --> mock_data_lc\lc_mirna_counts.csv METADATA File --> mock_data_lc\lc_dataset.csv
2025-01-20 15:10:58 - INFO - No optional test files provided. The data will be split into training and test set. Test size: 0.2, Random state: 42
2025-01-20 15:11:23 - INFO - -------------------------Starting the analysis tool...-------------------------
2025-01-20 15:11:23 - INFO - files given: COUNT File --> mock_data_lc\lc_mirna_counts.csv METADATA File --> mock_data_lc\lc_dataset.csv
2025-01-20 15:11:24 - INFO - No optional test files provided. The data will be split into training and test set. Test size: 0.2, Random state: 42
2025-01-20 15:11:24 - INFO - Threshold filtering all genes with a count less than the 10 in 3 samples
2025-01-20 15:11:25 - INFO - Pre-filtering methods activated in config file
2025-01-20 15:11:25 - INFO - Performing PCA with 2 components
2025-01-20 15:11:26 - INFO - Correlation filtering all genes with a correlation greater than 0.9, using the spearman method
2025-01-20 15:11:40 - INFO - Feature selection methods activated in config file: ['random_forest', 'xgboost']
2025-01-20 15:11:40 - INFO - Running Random Forest...
2025-01-20 15:11:41 - INFO - Running XGBoost...
2025-01-20 15:13:23 - INFO - -------------------------Starting the analysis tool...-------------------------
2025-01-20 15:13:23 - INFO - files given: COUNT File --> mock_data_lc\lc_mirna_counts.csv METADATA File --> mock_data_lc\lc_dataset.csv
2025-01-20 15:13:23 - INFO - No optional test files provided. The data will be split into training and test set. Test size: 0.2, Random state: 42
2025-01-20 15:13:23 - INFO - Threshold filtering all genes with a count less than the 10 in 3 samples
2025-01-20 15:13:25 - INFO - Pre-filtering methods activated in config file
2025-01-20 15:13:25 - INFO - Performing PCA with 2 components
2025-01-20 15:13:26 - INFO - Correlation filtering all genes with a correlation greater than 0.9, using the spearman method
2025-01-20 15:13:41 - INFO - Feature selection methods activated in config file: ['random_forest', 'xgboost']
2025-01-20 15:13:41 - INFO - Running Random Forest...
2025-01-20 15:13:43 - INFO - Running XGBoost...
2025-01-20 15:26:24 - INFO - -------------------------Starting the analysis tool...-------------------------
2025-01-20 15:26:24 - INFO - files given: COUNT File --> mock_data_lc\lc_mirna_counts.csv METADATA File --> mock_data_lc\lc_dataset.csv
2025-01-20 15:26:25 - INFO - No optional test files provided. The data will be split into training and test set. Test size: 0.2, Random state: 42
2025-01-20 15:26:25 - INFO - Threshold filtering all genes with a count less than the 10 in 3 samples
2025-01-20 15:26:26 - INFO - Pre-filtering methods activated in config file
2025-01-20 15:26:26 - INFO - Performing PCA with 2 components
2025-01-20 15:26:27 - INFO - Correlation filtering all genes with a correlation greater than 0.9, using the spearman method
2025-01-20 15:26:40 - INFO - Feature selection methods activated in config file: ['random_forest', 'xgboost']
2025-01-20 15:26:40 - INFO - Running Random Forest...
2025-01-20 15:26:42 - INFO - Running XGBoost...
2025-01-20 15:29:33 - INFO - -------------------------Starting the analysis tool...-------------------------
2025-01-20 15:29:33 - INFO - files given: COUNT File --> mock_data_lc\lc_mirna_counts.csv METADATA File --> mock_data_lc\lc_dataset.csv
2025-01-20 15:29:34 - INFO - No optional test files provided. The data will be split into training and test set. Test size: 0.2, Random state: 42
2025-01-20 15:29:34 - INFO - Threshold filtering all genes with a count less than the 10 in 3 samples
2025-01-20 15:29:35 - INFO - Pre-filtering methods activated in config file
2025-01-20 15:29:35 - INFO - Performing PCA with 2 components
2025-01-20 15:29:36 - INFO - Correlation filtering all genes with a correlation greater than 0.9, using the spearman method
2025-01-20 15:29:49 - INFO - Feature selection methods activated in config file: ['random_forest', 'xgboost']
2025-01-20 15:29:49 - INFO - Running Random Forest...
2025-01-20 15:29:50 - INFO - Running XGBoost...
2025-01-20 15:31:56 - INFO - -------------------------Starting the analysis tool...-------------------------
2025-01-20 15:31:56 - INFO - files given: COUNT File --> mock_data_lc\lc_mirna_counts.csv METADATA File --> mock_data_lc\lc_dataset.csv
2025-01-20 15:31:56 - INFO - No optional test files provided. The data will be split into training and test set. Test size: 0.2, Random state: 42
2025-01-20 15:31:56 - INFO - Threshold filtering all genes with a count less than the 10 in 3 samples
2025-01-20 15:31:58 - INFO - Pre-filtering methods activated in config file
2025-01-20 15:31:58 - INFO - Performing PCA with 2 components
2025-01-20 15:31:59 - INFO - Correlation filtering all genes with a correlation greater than 0.9, using the spearman method
2025-01-20 15:32:11 - INFO - Feature selection methods activated in config file: ['random_forest', 'xgboost']
2025-01-20 15:32:11 - INFO - Running Random Forest...
2025-01-20 15:32:13 - INFO - Running XGBoost...
2025-01-20 16:29:16 - INFO - -------------------------Starting the analysis tool...-------------------------
2025-01-20 16:29:16 - INFO - files given: COUNT File --> mock_data_lc\lc_mirna_counts.csv METADATA File --> mock_data_lc\lc_dataset.csv
2025-01-20 16:29:17 - INFO - No optional test files provided. The data will be split into training and test set. Test size: 0.2, Random state: 42
2025-01-20 16:29:17 - INFO - Threshold filtering all genes with a count less than the 10 in 3 samples
2025-01-20 16:29:19 - INFO - Pre-filtering methods activated in config file
2025-01-20 16:29:19 - INFO - Performing PCA with 2 components
2025-01-20 16:29:21 - INFO - Correlation filtering all genes with a correlation greater than 0.9, using the spearman method
2025-01-20 16:29:34 - INFO - Feature selection methods activated in config file: ['random_forest', 'xgboost']
2025-01-20 16:29:34 - INFO - Running Random Forest...
2025-01-20 16:29:36 - INFO - Running XGBoost...
2025-01-20 16:35:10 - INFO - -------------------------Starting the analysis tool...-------------------------
2025-01-20 16:35:10 - INFO - files given: COUNT File --> mock_data_lc\lc_mirna_counts.csv METADATA File --> mock_data_lc\lc_dataset.csv
2025-01-20 16:35:10 - INFO - No optional test files provided. The data will be split into training and test set. Test size: 0.2, Random state: 42
2025-01-20 16:35:10 - INFO - Threshold filtering all genes with a count less than the 10 in 3 samples
2025-01-20 16:35:12 - INFO - Pre-filtering methods activated in config file
2025-01-20 16:35:12 - INFO - Performing PCA with 2 components
2025-01-20 16:35:12 - INFO - Correlation filtering all genes with a correlation greater than 0.9, using the spearman method
2025-01-20 16:35:25 - INFO - Feature selection methods activated in config file: ['random_forest', 'xgboost']
2025-01-20 16:35:25 - INFO - Running Random Forest...
2025-01-20 16:35:26 - INFO - Running XGBoost...
2025-01-21 10:11:56 - INFO - -------------------------Starting the analysis tool...-------------------------
2025-01-21 10:11:56 - INFO - files given: COUNT File --> /mock_data_lc/lc_mirna_counts.csv METADATA File --> /mock_data_lc/lc_dataset.csv
2025-01-21 10:12:32 - INFO - -------------------------Starting the analysis tool...-------------------------
2025-01-21 10:12:32 - INFO - files given: COUNT File --> mock_data_lc/lc_mirna_counts.csv METADATA File --> mock_data_lc/lc_dataset.csv
2025-01-21 10:12:33 - INFO - No optional test files provided. The data will be split into training and test set. Test size: 0.2, Random state: 42
2025-01-21 10:12:33 - INFO - Threshold filtering all genes with a count less than the 10 in 3 samples
2025-01-21 10:14:01 - INFO - -------------------------Starting the analysis tool...-------------------------
2025-01-21 10:14:01 - INFO - files given: COUNT File --> mock_data_lc/lc_mirna_counts.csv METADATA File --> mock_data_lc/lc_dataset.csv
2025-01-21 10:14:02 - INFO - No optional test files provided. The data will be split into training and test set. Test size: 0.2, Random state: 42
2025-01-21 10:14:02 - INFO - Threshold filtering all genes with a count less than the 10 in 3 samples
2025-01-21 10:14:08 - INFO - Pre-filtering methods activated in config file
2025-01-21 10:14:08 - INFO - Performing PCA with 2 components
2025-01-21 10:14:10 - INFO - Correlation filtering all genes with a correlation greater than 0.9, using the spearman method
2025-01-21 10:14:42 - INFO - Feature selection methods activated in config file: ['random_forest', 'xgboost']
2025-01-21 10:14:42 - INFO - Running Random Forest...
2025-01-21 10:14:47 - INFO - Running XGBoost...
2025-01-21 10:16:59 - INFO - -------------------------Starting the analysis tool...-------------------------
2025-01-21 10:16:59 - INFO - files given: COUNT File --> mock_data_lc/lc_mirna_counts.csv METADATA File --> mock_data_lc/lc_dataset.csv
2025-01-21 10:17:00 - INFO - No optional test files provided. The data will be split into training and test set. Test size: 0.2, Random state: 42
2025-01-21 10:17:00 - INFO - Threshold filtering all genes with a count less than the 10 in 3 samples
2025-01-21 10:17:51 - INFO - -------------------------Starting the analysis tool...-------------------------
2025-01-21 10:17:51 - INFO - files given: COUNT File --> mock_data_lc/lc_mirna_counts.csv METADATA File --> mock_data_lc/lc_dataset.csv
2025-01-21 10:17:53 - INFO - No optional test files provided. The data will be split into training and test set. Test size: 0.2, Random state: 42
2025-01-21 10:17:53 - INFO - Threshold filtering all genes with a count less than the 10 in 3 samples
2025-01-21 10:17:53 - INFO - Running VST normalization...
2025-01-21 10:18:12 - INFO - Pre-filtering methods activated in config file
2025-01-21 10:18:12 - INFO - Performing PCA with 2 components
2025-01-21 10:20:51 - INFO - -------------------------Starting the analysis tool...-------------------------
2025-01-21 10:20:51 - INFO - files given: COUNT File --> mock_data_lc/lc_mirna_counts.csv METADATA File --> mock_data_lc/lc_dataset.csv
2025-01-21 10:20:52 - INFO - No optional test files provided. The data will be split into training and test set. Test size: 0.2, Random state: 42
2025-01-21 10:20:52 - INFO - Threshold filtering all genes with a count less than the 10 in 3 samples
2025-01-21 10:20:52 - INFO - Running VST normalization...
2025-01-21 10:21:10 - INFO - Pre-filtering methods activated in config file
2025-01-21 10:21:10 - INFO - Correlation filtering all genes with a correlation greater than 0.9, using the spearman method
2025-01-21 10:22:52 - INFO - -------------------------Starting the analysis tool...-------------------------
2025-01-21 10:22:52 - INFO - files given: COUNT File --> mock_data_lc/lc_mirna_counts.csv METADATA File --> mock_data_lc/lc_dataset.csv
2025-01-21 10:22:54 - INFO - No optional test files provided. The data will be split into training and test set. Test size: 0.2, Random state: 42
2025-01-21 10:22:54 - INFO - Threshold filtering all genes with a count less than the 10 in 3 samples
2025-01-21 10:22:54 - INFO - Running VST normalization...
2025-01-21 10:23:11 - INFO - Pre-filtering methods activated in config file
2025-01-21 10:24:02 - INFO - -------------------------Starting the analysis tool...-------------------------
2025-01-21 10:24:02 - INFO - files given: COUNT File --> mock_data_lc/lc_mirna_counts.csv METADATA File --> mock_data_lc/lc_dataset.csv
2025-01-21 10:24:03 - INFO - No optional test files provided. The data will be split into training and test set. Test size: 0.2, Random state: 42
2025-01-21 10:24:03 - INFO - Threshold filtering all genes with a count less than the 10 in 3 samples
2025-01-21 10:24:03 - INFO - Running VST normalization...
2025-01-21 10:24:25 - INFO - Pre-filtering methods activated in config file
2025-01-21 10:26:39 - INFO - -------------------------Starting the analysis tool...-------------------------
2025-01-21 10:26:39 - INFO - files given: COUNT File --> mock_data_lc/lc_mirna_counts.csv METADATA File --> mock_data_lc/lc_dataset.csv
2025-01-21 10:26:41 - INFO - No optional test files provided. The data will be split into training and test set. Test size: 0.2, Random state: 42
2025-01-21 10:26:41 - INFO - Threshold filtering all genes with a count less than the 10 in 3 samples
2025-01-21 10:26:41 - INFO - Running VST normalization...
2025-01-21 10:27:45 - INFO - -------------------------Starting the analysis tool...-------------------------
2025-01-21 10:27:45 - INFO - files given: COUNT File --> mock_data_lc/lc_mirna_counts.csv METADATA File --> mock_data_lc/lc_dataset.csv
2025-01-21 10:27:46 - INFO - No optional test files provided. The data will be split into training and test set. Test size: 0.2, Random state: 42
2025-01-21 10:27:46 - INFO - Threshold filtering all genes with a count less than the 10 in 3 samples
2025-01-21 10:27:46 - INFO - Running VST normalization...
2025-01-21 10:28:07 - INFO - Pre-filtering methods activated in config file
2025-01-21 10:28:07 - INFO - Correlation filtering all genes with a correlation greater than 0.9, using the spearman method
2025-01-21 10:28:40 - INFO - Feature selection methods activated in config file: ['random_forest', 'xgboost']
2025-01-21 10:28:40 - INFO - Running Random Forest...
2025-01-21 10:28:45 - INFO - Running XGBoost...
2025-01-21 10:29:42 - INFO - -------------------------Starting the analysis tool...-------------------------
2025-01-21 10:29:42 - INFO - files given: COUNT File --> mock_data_lc/lc_mirna_counts.csv METADATA File --> mock_data_lc/lc_dataset.csv
2025-01-21 10:29:43 - INFO - No optional test files provided. The data will be split into training and test set. Test size: 0.2, Random state: 42
2025-01-21 10:29:43 - INFO - Threshold filtering all genes with a count less than the 10 in 3 samples
2025-01-21 10:29:43 - INFO - Running VST normalization...
2025-01-21 10:30:01 - INFO - Pre-filtering methods activated in config file
2025-01-21 10:30:01 - INFO - Performing PCA with 2 components
2025-01-21 10:30:03 - INFO - Correlation filtering all genes with a correlation greater than 0.9, using the spearman method
2025-01-21 10:30:35 - INFO - Feature selection methods activated in config file: ['random_forest', 'xgboost']
2025-01-21 10:30:35 - INFO - Running Random Forest...
2025-01-21 10:30:41 - INFO - Running XGBoost...
