Running Random Forest...
Parameters: {'n_estimators': [50, 100, 200], 'max_depth': [1, 10, 20, 100], 'min_samples_split': [2, 5, 10], 'min_samples_leaf': [1, 2, 4], 'random_state': [42]}
Fitting 5 folds for each of 108 candidates, totalling 540 fits
Best Parameters: {'max_depth': 20, 'min_samples_leaf': 1, 'min_samples_split': 2, 'n_estimators': 50, 'random_state': 42}
Best Score: 0.5456971677559913
Test Accuracy: 0.49411764705882355
Random Forest completed successfully!
[CV] END max_depth=1, min_samples_leaf=1, min_samples_split=2, n_estimators=50, random_state=42; total time=   0.1s
[CV] END max_depth=1, min_samples_leaf=1, min_samples_split=2, n_estimators=100, random_state=42; total time=   0.3s
[CV] END max_depth=1, min_samples_leaf=1, min_samples_split=5, n_estimators=50, random_state=42; total time=   0.1s
[CV] END max_depth=1, min_samples_leaf=1, min_samples_split=5, n_estimators=50, random_state=42; total time=   0.1s
[CV] END max_depth=1, min_samples_leaf=1, min_samples_split=5, n_estimators=200, random_state=42; total time=   0.7s
[CV] END max_depth=1, min_samples_leaf=1, min_samples_split=10, n_estimators=100, random_state=42; total time=   0.3s
[CV] END max_depth=1, min_samples_leaf=2, min_samples_split=2, n_estimators=50, random_state=42; total time=   0.2s
[CV] END max_depth=1, min_samples_leaf=2, min_samples_split=2, n_estimators=50, random_state=42; total time=   0.1s
[CV] END max_depth=1, min_samples_leaf=2, min_samples_split=2, n_estimators=100, random_state=42; total time=   0.3s
[CV] END max_depth=1, min_samples_leaf=2, min_samples_split=5, n_estimators=50, random_state=42; total time=   0.1s
[CV] END max_depth=1, min_samples_leaf=2, min_samples_split=5, n_estimators=50, random_state=42; total time=   0.1s
[CV] END max_depth=1, min_samples_leaf=2, min_samples_split=5, n_estimators=100, random_state=42; total time=   0.3s
[CV] END max_depth=1, min_samples_leaf=2, min_samples_split=10, n_estimators=50, random_state=42; total time=   0.1s
[CV] END max_depth=1, min_samples_leaf=2, min_samples_split=10, n_estimators=100, random_state=42; total time=   0.3s
[CV] END max_depth=1, min_samples_leaf=2, min_samples_split=10, n_estimators=200, random_state=42; total time=   0.7s
[CV] END max_depth=1, min_samples_leaf=4, min_samples_split=2, n_estimators=200, random_state=42; total time=   0.7s
[CV] END max_depth=1, min_samples_leaf=4, min_samples_split=5, n_estimators=100, random_state=42; total time=   0.3s
[CV] END max_depth=1, min_samples_leaf=4, min_samples_split=10, n_estimators=50, random_state=42; total time=   0.2s
[CV] END max_depth=1, min_samples_leaf=4, min_samples_split=10, n_estimators=50, random_state=42; total time=   0.2s
[CV] END max_depth=1, min_samples_leaf=4, min_samples_split=10, n_estimators=100, random_state=42; total time=   0.3s
[CV] END max_depth=10, min_samples_leaf=1, min_samples_split=2, n_estimators=50, random_state=42; total time=   0.4s
[CV] END max_depth=10, min_samples_leaf=1, min_samples_split=2, n_estimators=100, random_state=42; total time=   0.9s
[CV] END max_depth=10, min_samples_leaf=1, min_samples_split=5, n_estimators=50, random_state=42; total time=   0.5s
[CV] END max_depth=10, min_samples_leaf=1, min_samples_split=5, n_estimators=50, random_state=42; total time=   0.4s
[CV] END max_depth=10, min_samples_leaf=1, min_samples_split=5, n_estimators=100, random_state=42; total time=   0.9s
[CV] END max_depth=10, min_samples_leaf=1, min_samples_split=10, n_estimators=50, random_state=42; total time=   0.4s
[CV] END max_depth=10, min_samples_leaf=1, min_samples_split=10, n_estimators=50, random_state=42; total time=   0.4s
[CV] END max_depth=10, min_samples_leaf=1, min_samples_split=10, n_estimators=100, random_state=42; total time=   0.9s
[CV] END max_depth=10, min_samples_leaf=1, min_samples_split=10, n_estimators=200, random_state=42; total time=   2.1s
[CV] END max_depth=10, min_samples_leaf=2, min_samples_split=2, n_estimators=200, random_state=42; total time=   2.3s
[CV] END max_depth=10, min_samples_leaf=2, min_samples_split=5, n_estimators=200, random_state=42; total time=   2.6s
[CV] END max_depth=10, min_samples_leaf=2, min_samples_split=10, n_estimators=100, random_state=42; total time=   1.3s
[CV] END max_depth=10, min_samples_leaf=4, min_samples_split=2, n_estimators=50, random_state=42; total time=   0.6s
[CV] END max_depth=10, min_samples_leaf=4, min_samples_split=2, n_estimators=100, random_state=42; total time=   1.2s
[CV] END max_depth=10, min_samples_leaf=4, min_samples_split=2, n_estimators=200, random_state=42; total time=   2.4s
[CV] END max_depth=10, min_samples_leaf=4, min_samples_split=5, n_estimators=200, random_state=42; total time=   2.4s
[CV] END max_depth=10, min_samples_leaf=4, min_samples_split=10, n_estimators=100, random_state=42; total time=   1.2s
[CV] END max_depth=20, min_samples_leaf=1, min_samples_split=2, n_estimators=50, random_state=42; total time=   0.7s
[CV] END max_depth=20, min_samples_leaf=1, min_samples_split=2, n_estimators=50, random_state=42; total time=   0.7s
[CV] END max_depth=20, min_samples_leaf=1, min_samples_split=2, n_estimators=100, random_state=42; total time=   1.5s
[CV] END max_depth=20, min_samples_leaf=1, min_samples_split=5, n_estimators=50, random_state=42; total time=   0.8s
[CV] END max_depth=20, min_samples_leaf=1, min_samples_split=5, n_estimators=50, random_state=42; total time=   0.8s
[CV] END max_depth=20, min_samples_leaf=1, min_samples_split=5, n_estimators=100, random_state=42; total time=   1.9s
[CV] END max_depth=20, min_samples_leaf=1, min_samples_split=10, n_estimators=50, random_state=42; total time=   0.8s
[CV] END max_depth=20, min_samples_leaf=1, min_samples_split=10, n_estimators=50, random_state=42; total time=   0.8s
[CV] END max_depth=20, min_samples_leaf=1, min_samples_split=10, n_estimators=100, random_state=42; total time=   1.5s
[CV] END max_depth=20, min_samples_leaf=2, min_samples_split=2, n_estimators=50, random_state=42; total time=   0.7s
[CV] END max_depth=20, min_samples_leaf=2, min_samples_split=2, n_estimators=50, random_state=42; total time=   0.7s
[CV] END max_depth=20, min_samples_leaf=2, min_samples_split=2, n_estimators=100, random_state=42; total time=   1.4s
[CV] END max_depth=20, min_samples_leaf=2, min_samples_split=2, n_estimators=200, random_state=42; total time=   2.9s
[CV] END max_depth=20, min_samples_leaf=2, min_samples_split=5, n_estimators=100, random_state=42; total time=   1.5s
[CV] END max_depth=20, min_samples_leaf=2, min_samples_split=10, n_estimators=50, random_state=42; total time=   0.7s
[CV] END max_depth=20, min_samples_leaf=2, min_samples_split=10, n_estimators=50, random_state=42; total time=   0.7s
[CV] END max_depth=20, min_samples_leaf=2, min_samples_split=10, n_estimators=100, random_state=42; total time=   1.4s
[CV] END max_depth=20, min_samples_leaf=2, min_samples_split=10, n_estimators=200, random_state=42; total time=   2.9s
[CV] END max_depth=20, min_samples_leaf=4, min_samples_split=2, n_estimators=200, random_state=42; total time=   2.7s
[CV] END max_depth=20, min_samples_leaf=4, min_samples_split=5, n_estimators=200, random_state=42; total time=   2.6s
[CV] END max_depth=20, min_samples_leaf=4, min_samples_split=10, n_estimators=100, random_state=42; total time=   1.3s
[CV] END max_depth=20, min_samples_leaf=4, min_samples_split=10, n_estimators=200, random_state=42; total time=   2.6s
[CV] END max_depth=100, min_samples_leaf=1, min_samples_split=2, n_estimators=200, random_state=42; total time=   3.2s
[CV] END max_depth=100, min_samples_leaf=1, min_samples_split=5, n_estimators=100, random_state=42; total time=   1.6s
[CV] END max_depth=100, min_samples_leaf=1, min_samples_split=10, n_estimators=50, random_state=42; total time=   0.8s
[CV] END max_depth=100, min_samples_leaf=1, min_samples_split=10, n_estimators=100, random_state=42; total time=   1.5s
[CV] END max_depth=100, min_samples_leaf=1, min_samples_split=10, n_estimators=200, random_state=42; total time=   3.1s
[CV] END max_depth=100, min_samples_leaf=2, min_samples_split=2, n_estimators=100, random_state=42; total time=   1.5s
[CV] END max_depth=100, min_samples_leaf=2, min_samples_split=5, n_estimators=50, random_state=42; total time=   0.8s
[CV] END max_depth=100, min_samples_leaf=2, min_samples_split=5, n_estimators=50, random_state=42; total time=   0.8s
[CV] END max_depth=100, min_samples_leaf=2, min_samples_split=5, n_estimators=100, random_state=42; total time=   1.5s
[CV] END max_depth=100, min_samples_leaf=2, min_samples_split=10, n_estimators=50, random_state=42; total time=   0.7s
[CV] END max_depth=100, min_samples_leaf=2, min_samples_split=10, n_estimators=50, random_state=42; total time=   0.7s
[CV] END max_depth=100, min_samples_leaf=2, min_samples_split=10, n_estimators=100, random_state=42; total time=   1.5s
[CV] END max_depth=100, min_samples_leaf=4, min_samples_split=2, n_estimators=50, random_state=42; total time=   0.7s
[CV] END max_depth=100, min_samples_leaf=4, min_samples_split=2, n_estimators=50, random_state=42; total time=   0.7s
[CV] END max_depth=100, min_samples_leaf=4, min_samples_split=2, n_estimators=100, random_state=42; total time=   1.3s
[CV] END max_depth=100, min_samples_leaf=4, min_samples_split=2, n_estimators=200, random_state=42; total time=   2.8s
[CV] END max_depth=100, min_samples_leaf=4, min_samples_split=5, n_estimators=100, random_state=42; total time=   1.7s
[CV] END max_depth=100, min_samples_leaf=4, min_samples_split=10, n_estimators=50, random_state=42; total time=   0.7s
[CV] END max_depth=100, min_samples_leaf=4, min_samples_split=10, n_estimators=50, random_state=42; total time=   0.7s
[CV] END max_depth=100, min_samples_leaf=4, min_samples_split=10, n_estimators=100, random_state=42; total time=   1.4s
[CV] END max_depth=1, min_samples_leaf=1, min_samples_split=2, n_estimators=50, random_state=42; total time=   0.1s
[CV] END max_depth=1, min_samples_leaf=1, min_samples_split=2, n_estimators=200, random_state=42; total time=   0.6s
[CV] END max_depth=1, min_samples_leaf=1, min_samples_split=5, n_estimators=100, random_state=42; total time=   0.3s
[CV] END max_depth=1, min_samples_leaf=1, min_samples_split=5, n_estimators=200, random_state=42; total time=   0.6s
[CV] END max_depth=1, min_samples_leaf=1, min_samples_split=10, n_estimators=200, random_state=42; total time=   0.6s
[CV] END max_depth=1, min_samples_leaf=2, min_samples_split=2, n_estimators=100, random_state=42; total time=   0.3s
[CV] END max_depth=1, min_samples_leaf=2, min_samples_split=5, n_estimators=50, random_state=42; total time=   0.1s
[CV] END max_depth=1, min_samples_leaf=2, min_samples_split=5, n_estimators=50, random_state=42; total time=   0.2s
[CV] END max_depth=1, min_samples_leaf=2, min_samples_split=5, n_estimators=100, random_state=42; total time=   0.3s
[CV] END max_depth=1, min_samples_leaf=2, min_samples_split=10, n_estimators=50, random_state=42; total time=   0.1s
[CV] END max_depth=1, min_samples_leaf=2, min_samples_split=10, n_estimators=50, random_state=42; total time=   0.1s
[CV] END max_depth=1, min_samples_leaf=2, min_samples_split=10, n_estimators=100, random_state=42; total time=   0.3s
[CV] END max_depth=1, min_samples_leaf=4, min_samples_split=2, n_estimators=50, random_state=42; total time=   0.1s
[CV] END max_depth=1, min_samples_leaf=4, min_samples_split=2, n_estimators=100, random_state=42; total time=   0.3s
[CV] END max_depth=1, min_samples_leaf=4, min_samples_split=2, n_estimators=200, random_state=42; total time=   0.7s
[CV] END max_depth=1, min_samples_leaf=4, min_samples_split=5, n_estimators=200, random_state=42; total time=   0.7s
[CV] END max_depth=1, min_samples_leaf=4, min_samples_split=10, n_estimators=100, random_state=42; total time=   0.3s
[CV] END max_depth=10, min_samples_leaf=1, min_samples_split=2, n_estimators=50, random_state=42; total time=   0.4s
[CV] END max_depth=10, min_samples_leaf=1, min_samples_split=2, n_estimators=100, random_state=42; total time=   0.9s
[CV] END max_depth=10, min_samples_leaf=1, min_samples_split=2, n_estimators=200, random_state=42; total time=   1.9s
[CV] END max_depth=10, min_samples_leaf=1, min_samples_split=5, n_estimators=200, random_state=42; total time=   2.1s
[CV] END max_depth=10, min_samples_leaf=1, min_samples_split=10, n_estimators=200, random_state=42; total time=   2.0s
[CV] END max_depth=10, min_samples_leaf=2, min_samples_split=2, n_estimators=200, random_state=42; total time=   2.2s
[CV] END max_depth=10, min_samples_leaf=2, min_samples_split=5, n_estimators=100, random_state=42; total time=   1.2s
[CV] END max_depth=10, min_samples_leaf=2, min_samples_split=10, n_estimators=50, random_state=42; total time=   0.6s
[CV] END max_depth=10, min_samples_leaf=2, min_samples_split=10, n_estimators=50, random_state=42; total time=   0.6s
[CV] END max_depth=10, min_samples_leaf=2, min_samples_split=10, n_estimators=100, random_state=42; total time=   1.2s
[CV] END max_depth=10, min_samples_leaf=2, min_samples_split=10, n_estimators=200, random_state=42; total time=   2.4s
[CV] END max_depth=10, min_samples_leaf=4, min_samples_split=2, n_estimators=200, random_state=42; total time=   2.3s
[CV] END max_depth=10, min_samples_leaf=4, min_samples_split=5, n_estimators=200, random_state=42; total time=   2.5s
[CV] END max_depth=10, min_samples_leaf=4, min_samples_split=10, n_estimators=100, random_state=42; total time=   1.2s
[CV] END max_depth=20, min_samples_leaf=1, min_samples_split=2, n_estimators=50, random_state=42; total time=   0.7s
[CV] END max_depth=20, min_samples_leaf=1, min_samples_split=2, n_estimators=100, random_state=42; total time=   1.4s
[CV] END max_depth=20, min_samples_leaf=1, min_samples_split=2, n_estimators=200, random_state=42; total time=   3.1s
[CV] END max_depth=20, min_samples_leaf=1, min_samples_split=5, n_estimators=200, random_state=42; total time=   3.6s
[CV] END max_depth=20, min_samples_leaf=1, min_samples_split=10, n_estimators=100, random_state=42; total time=   1.5s
[CV] END max_depth=20, min_samples_leaf=2, min_samples_split=2, n_estimators=50, random_state=42; total time=   0.7s
[CV] END max_depth=20, min_samples_leaf=2, min_samples_split=2, n_estimators=50, random_state=42; total time=   0.7s
[CV] END max_depth=20, min_samples_leaf=2, min_samples_split=2, n_estimators=100, random_state=42; total time=   1.5s
[CV] END max_depth=20, min_samples_leaf=2, min_samples_split=5, n_estimators=50, random_state=42; total time=   0.7s
[CV] END max_depth=20, min_samples_leaf=2, min_samples_split=5, n_estimators=50, random_state=42; total time=   0.8s
[CV] END max_depth=20, min_samples_leaf=2, min_samples_split=5, n_estimators=50, random_state=42; total time=   0.8s
[CV] END max_depth=20, min_samples_leaf=2, min_samples_split=5, n_estimators=100, random_state=42; total time=   1.8s
[CV] END max_depth=20, min_samples_leaf=2, min_samples_split=10, n_estimators=50, random_state=42; total time=   0.7s
[CV] END max_depth=20, min_samples_leaf=2, min_samples_split=10, n_estimators=50, random_state=42; total time=   0.8s
[CV] END max_depth=20, min_samples_leaf=2, min_samples_split=10, n_estimators=100, random_state=42; total time=   1.7s
[CV] END max_depth=20, min_samples_leaf=4, min_samples_split=2, n_estimators=50, random_state=42; total time=   0.7s
[CV] END max_depth=20, min_samples_leaf=4, min_samples_split=2, n_estimators=50, random_state=42; total time=   0.7s
[CV] END max_depth=20, min_samples_leaf=4, min_samples_split=2, n_estimators=100, random_state=42; total time=   1.3s
[CV] END max_depth=20, min_samples_leaf=4, min_samples_split=2, n_estimators=200, random_state=42; total time=   2.7s
[CV] END max_depth=20, min_samples_leaf=4, min_samples_split=5, n_estimators=200, random_state=42; total time=   2.7s
[CV] END max_depth=20, min_samples_leaf=4, min_samples_split=10, n_estimators=200, random_state=42; total time=   2.6s
[CV] END max_depth=100, min_samples_leaf=1, min_samples_split=2, n_estimators=100, random_state=42; total time=   1.6s
[CV] END max_depth=100, min_samples_leaf=1, min_samples_split=5, n_estimators=50, random_state=42; total time=   0.8s
[CV] END max_depth=100, min_samples_leaf=1, min_samples_split=5, n_estimators=50, random_state=42; total time=   0.9s
[CV] END max_depth=100, min_samples_leaf=1, min_samples_split=5, n_estimators=100, random_state=42; total time=   1.6s
[CV] END max_depth=100, min_samples_leaf=1, min_samples_split=5, n_estimators=200, random_state=42; total time=   3.1s
[CV] END max_depth=100, min_samples_leaf=1, min_samples_split=10, n_estimators=200, random_state=42; total time=   3.0s
[CV] END max_depth=100, min_samples_leaf=2, min_samples_split=2, n_estimators=200, random_state=42; total time=   3.1s
[CV] END max_depth=100, min_samples_leaf=2, min_samples_split=5, n_estimators=100, random_state=42; total time=   1.5s
[CV] END max_depth=100, min_samples_leaf=2, min_samples_split=10, n_estimators=50, random_state=42; total time=   0.8s
[CV] END max_depth=100, min_samples_leaf=2, min_samples_split=10, n_estimators=100, random_state=42; total time=   1.5s
[CV] END max_depth=100, min_samples_leaf=2, min_samples_split=10, n_estimators=200, random_state=42; total time=   2.9s
[CV] END max_depth=100, min_samples_leaf=4, min_samples_split=2, n_estimators=200, random_state=42; total time=   3.3s
[CV] END max_depth=100, min_samples_leaf=4, min_samples_split=5, n_estimators=100, random_state=42; total time=   1.8s
[CV] END max_depth=100, min_samples_leaf=4, min_samples_split=10, n_estimators=50, random_state=42; total time=   0.7s
[CV] END max_depth=100, min_samples_leaf=4, min_samples_split=10, n_estimators=50, random_state=42; total time=   0.7s
[CV] END max_depth=100, min_samples_leaf=4, min_samples_split=10, n_estimators=100, random_state=42; total time=   1.4s
[CV] END max_depth=1, min_samples_leaf=1, min_samples_split=2, n_estimators=100, random_state=42; total time=   0.3s
[CV] END max_depth=1, min_samples_leaf=1, min_samples_split=2, n_estimators=200, random_state=42; total time=   0.7s
[CV] END max_depth=1, min_samples_leaf=1, min_samples_split=5, n_estimators=200, random_state=42; total time=   0.7s
[CV] END max_depth=1, min_samples_leaf=1, min_samples_split=10, n_estimators=200, random_state=42; total time=   0.7s
[CV] END max_depth=1, min_samples_leaf=2, min_samples_split=2, n_estimators=100, random_state=42; total time=   0.3s
[CV] END max_depth=1, min_samples_leaf=2, min_samples_split=2, n_estimators=200, random_state=42; total time=   0.7s
[CV] END max_depth=1, min_samples_leaf=2, min_samples_split=5, n_estimators=200, random_state=42; total time=   0.7s
[CV] END max_depth=1, min_samples_leaf=2, min_samples_split=10, n_estimators=200, random_state=42; total time=   0.7s
[CV] END max_depth=1, min_samples_leaf=4, min_samples_split=2, n_estimators=100, random_state=42; total time=   0.3s
[CV] END max_depth=1, min_samples_leaf=4, min_samples_split=5, n_estimators=50, random_state=42; total time=   0.2s
[CV] END max_depth=1, min_samples_leaf=4, min_samples_split=5, n_estimators=50, random_state=42; total time=   0.1s
[CV] END max_depth=1, min_samples_leaf=4, min_samples_split=5, n_estimators=100, random_state=42; total time=   0.3s
[CV] END max_depth=1, min_samples_leaf=4, min_samples_split=10, n_estimators=50, random_state=42; total time=   0.2s
[CV] END max_depth=1, min_samples_leaf=4, min_samples_split=10, n_estimators=100, random_state=42; total time=   0.3s
[CV] END max_depth=1, min_samples_leaf=4, min_samples_split=10, n_estimators=200, random_state=42; total time=   0.7s
[CV] END max_depth=10, min_samples_leaf=1, min_samples_split=2, n_estimators=100, random_state=42; total time=   1.0s
[CV] END max_depth=10, min_samples_leaf=1, min_samples_split=5, n_estimators=50, random_state=42; total time=   0.5s
[CV] END max_depth=10, min_samples_leaf=1, min_samples_split=5, n_estimators=100, random_state=42; total time=   0.9s
[CV] END max_depth=10, min_samples_leaf=1, min_samples_split=5, n_estimators=200, random_state=42; total time=   1.9s
[CV] END max_depth=10, min_samples_leaf=1, min_samples_split=10, n_estimators=100, random_state=42; total time=   0.9s
[CV] END max_depth=10, min_samples_leaf=2, min_samples_split=2, n_estimators=50, random_state=42; total time=   0.4s
[CV] END max_depth=10, min_samples_leaf=2, min_samples_split=2, n_estimators=100, random_state=42; total time=   1.1s
[CV] END max_depth=10, min_samples_leaf=2, min_samples_split=2, n_estimators=200, random_state=42; total time=   2.3s
[CV] END max_depth=10, min_samples_leaf=2, min_samples_split=5, n_estimators=200, random_state=42; total time=   2.6s
[CV] END max_depth=10, min_samples_leaf=2, min_samples_split=10, n_estimators=100, random_state=42; total time=   1.3s
[CV] END max_depth=10, min_samples_leaf=4, min_samples_split=2, n_estimators=50, random_state=42; total time=   0.6s
[CV] END max_depth=10, min_samples_leaf=4, min_samples_split=2, n_estimators=50, random_state=42; total time=   0.6s
[CV] END max_depth=10, min_samples_leaf=4, min_samples_split=2, n_estimators=100, random_state=42; total time=   1.2s
[CV] END max_depth=10, min_samples_leaf=4, min_samples_split=5, n_estimators=50, random_state=42; total time=   0.6s
[CV] END max_depth=10, min_samples_leaf=4, min_samples_split=5, n_estimators=50, random_state=42; total time=   0.6s
[CV] END max_depth=10, min_samples_leaf=4, min_samples_split=5, n_estimators=100, random_state=42; total time=   1.2s
[CV] END max_depth=10, min_samples_leaf=4, min_samples_split=5, n_estimators=200, random_state=42; total time=   2.5s
[CV] END max_depth=10, min_samples_leaf=4, min_samples_split=10, n_estimators=200, random_state=42; total time=   2.3s
[CV] END max_depth=20, min_samples_leaf=1, min_samples_split=2, n_estimators=200, random_state=42; total time=   3.1s
[CV] END max_depth=20, min_samples_leaf=1, min_samples_split=5, n_estimators=100, random_state=42; total time=   1.5s
[CV] END max_depth=20, min_samples_leaf=1, min_samples_split=10, n_estimators=50, random_state=42; total time=   0.8s
[CV] END max_depth=20, min_samples_leaf=1, min_samples_split=10, n_estimators=50, random_state=42; total time=   0.8s
[CV] END max_depth=20, min_samples_leaf=1, min_samples_split=10, n_estimators=100, random_state=42; total time=   1.4s
[CV] END max_depth=20, min_samples_leaf=1, min_samples_split=10, n_estimators=200, random_state=42; total time=   3.0s
[CV] END max_depth=20, min_samples_leaf=2, min_samples_split=2, n_estimators=100, random_state=42; total time=   1.9s
[CV] END max_depth=20, min_samples_leaf=2, min_samples_split=5, n_estimators=50, random_state=42; total time=   0.9s
[CV] END max_depth=20, min_samples_leaf=2, min_samples_split=5, n_estimators=100, random_state=42; total time=   1.5s
[CV] END max_depth=20, min_samples_leaf=2, min_samples_split=5, n_estimators=200, random_state=42; total time=   3.0s
[CV] END max_depth=20, min_samples_leaf=2, min_samples_split=10, n_estimators=200, random_state=42; total time=   2.9s
[CV] END max_depth=20, min_samples_leaf=4, min_samples_split=2, n_estimators=100, random_state=42; total time=   1.4s
[CV] END max_depth=20, min_samples_leaf=4, min_samples_split=5, n_estimators=50, random_state=42; total time=   0.7s
[CV] END max_depth=20, min_samples_leaf=4, min_samples_split=5, n_estimators=100, random_state=42; total time=   1.3s
[CV] END max_depth=20, min_samples_leaf=4, min_samples_split=5, n_estimators=200, random_state=42; total time=   2.7s
[CV] END max_depth=20, min_samples_leaf=4, min_samples_split=10, n_estimators=200, random_state=42; total time=   2.6s
[CV] END max_depth=100, min_samples_leaf=1, min_samples_split=2, n_estimators=100, random_state=42; total time=   1.6s
[CV] END max_depth=100, min_samples_leaf=1, min_samples_split=2, n_estimators=200, random_state=42; total time=   3.3s
[CV] END max_depth=100, min_samples_leaf=1, min_samples_split=5, n_estimators=200, random_state=42; total time=   3.1s
[CV] END max_depth=100, min_samples_leaf=1, min_samples_split=10, n_estimators=200, random_state=42; total time=   3.3s
[CV] END max_depth=100, min_samples_leaf=2, min_samples_split=2, n_estimators=200, random_state=42; total time=   3.0s
[CV] END max_depth=100, min_samples_leaf=2, min_samples_split=5, n_estimators=100, random_state=42; total time=   1.5s
[CV] END max_depth=100, min_samples_leaf=2, min_samples_split=10, n_estimators=50, random_state=42; total time=   0.7s
[CV] END max_depth=100, min_samples_leaf=2, min_samples_split=10, n_estimators=50, random_state=42; total time=   0.7s
[CV] END max_depth=100, min_samples_leaf=2, min_samples_split=10, n_estimators=100, random_state=42; total time=   1.5s
[CV] END max_depth=100, min_samples_leaf=2, min_samples_split=10, n_estimators=200, random_state=42; total time=   2.9s
[CV] END max_depth=100, min_samples_leaf=4, min_samples_split=2, n_estimators=200, random_state=42; total time=   3.7s
[CV] END max_depth=100, min_samples_leaf=4, min_samples_split=5, n_estimators=200, random_state=42; total time=   2.6s
[CV] END max_depth=100, min_samples_leaf=4, min_samples_split=10, n_estimators=100, random_state=42; total time=   1.3s
[CV] END max_depth=1, min_samples_leaf=1, min_samples_split=2, n_estimators=50, random_state=42; total time=   0.1s
[CV] END max_depth=1, min_samples_leaf=1, min_samples_split=2, n_estimators=200, random_state=42; total time=   0.6s
[CV] END max_depth=1, min_samples_leaf=1, min_samples_split=5, n_estimators=100, random_state=42; total time=   0.3s
[CV] END max_depth=1, min_samples_leaf=1, min_samples_split=10, n_estimators=50, random_state=42; total time=   0.2s
[CV] END max_depth=1, min_samples_leaf=1, min_samples_split=10, n_estimators=50, random_state=42; total time=   0.1s
[CV] END max_depth=1, min_samples_leaf=1, min_samples_split=10, n_estimators=100, random_state=42; total time=   0.3s
[CV] END max_depth=1, min_samples_leaf=2, min_samples_split=2, n_estimators=50, random_state=42; total time=   0.1s
[CV] END max_depth=1, min_samples_leaf=2, min_samples_split=2, n_estimators=100, random_state=42; total time=   0.3s
[CV] END max_depth=1, min_samples_leaf=2, min_samples_split=2, n_estimators=200, random_state=42; total time=   0.7s
[CV] END max_depth=1, min_samples_leaf=2, min_samples_split=5, n_estimators=200, random_state=42; total time=   0.6s
[CV] END max_depth=1, min_samples_leaf=2, min_samples_split=10, n_estimators=100, random_state=42; total time=   0.3s
[CV] END max_depth=1, min_samples_leaf=4, min_samples_split=2, n_estimators=50, random_state=42; total time=   0.2s
[CV] END max_depth=1, min_samples_leaf=4, min_samples_split=2, n_estimators=50, random_state=42; total time=   0.2s
[CV] END max_depth=1, min_samples_leaf=4, min_samples_split=2, n_estimators=100, random_state=42; total time=   0.3s
[CV] END max_depth=1, min_samples_leaf=4, min_samples_split=5, n_estimators=50, random_state=42; total time=   0.1s
[CV] END max_depth=1, min_samples_leaf=4, min_samples_split=5, n_estimators=50, random_state=42; total time=   0.2s
[CV] END max_depth=1, min_samples_leaf=4, min_samples_split=5, n_estimators=100, random_state=42; total time=   0.3s
[CV] END max_depth=1, min_samples_leaf=4, min_samples_split=10, n_estimators=50, random_state=42; total time=   0.1s
[CV] END max_depth=1, min_samples_leaf=4, min_samples_split=10, n_estimators=50, random_state=42; total time=   0.1s
[CV] END max_depth=1, min_samples_leaf=4, min_samples_split=10, n_estimators=200, random_state=42; total time=   0.7s
[CV] END max_depth=10, min_samples_leaf=1, min_samples_split=2, n_estimators=50, random_state=42; total time=   0.4s
[CV] END max_depth=10, min_samples_leaf=1, min_samples_split=2, n_estimators=200, random_state=42; total time=   1.8s
[CV] END max_depth=10, min_samples_leaf=1, min_samples_split=5, n_estimators=100, random_state=42; total time=   0.9s
[CV] END max_depth=10, min_samples_leaf=1, min_samples_split=10, n_estimators=50, random_state=42; total time=   0.4s
[CV] END max_depth=10, min_samples_leaf=1, min_samples_split=10, n_estimators=100, random_state=42; total time=   1.0s
[CV] END max_depth=10, min_samples_leaf=1, min_samples_split=10, n_estimators=200, random_state=42; total time=   2.0s
[CV] END max_depth=10, min_samples_leaf=2, min_samples_split=2, n_estimators=100, random_state=42; total time=   1.1s
[CV] END max_depth=10, min_samples_leaf=2, min_samples_split=5, n_estimators=50, random_state=42; total time=   0.5s
[CV] END max_depth=10, min_samples_leaf=2, min_samples_split=5, n_estimators=100, random_state=42; total time=   1.1s
[CV] END max_depth=10, min_samples_leaf=2, min_samples_split=5, n_estimators=200, random_state=42; total time=   2.5s
[CV] END max_depth=10, min_samples_leaf=2, min_samples_split=10, n_estimators=200, random_state=42; total time=   2.5s
[CV] END max_depth=10, min_samples_leaf=4, min_samples_split=2, n_estimators=100, random_state=42; total time=   1.3s
[CV] END max_depth=10, min_samples_leaf=4, min_samples_split=5, n_estimators=50, random_state=42; total time=   0.6s
[CV] END max_depth=10, min_samples_leaf=4, min_samples_split=5, n_estimators=100, random_state=42; total time=   1.2s
[CV] END max_depth=10, min_samples_leaf=4, min_samples_split=5, n_estimators=200, random_state=42; total time=   2.4s
[CV] END max_depth=10, min_samples_leaf=4, min_samples_split=10, n_estimators=200, random_state=42; total time=   2.4s
[CV] END max_depth=20, min_samples_leaf=1, min_samples_split=2, n_estimators=100, random_state=42; total time=   1.5s
[CV] END max_depth=20, min_samples_leaf=1, min_samples_split=2, n_estimators=200, random_state=42; total time=   3.7s
[CV] END max_depth=20, min_samples_leaf=1, min_samples_split=5, n_estimators=200, random_state=42; total time=   3.4s
[CV] END max_depth=20, min_samples_leaf=1, min_samples_split=10, n_estimators=200, random_state=42; total time=   3.3s
[CV] END max_depth=20, min_samples_leaf=2, min_samples_split=2, n_estimators=200, random_state=42; total time=   3.6s
[CV] END max_depth=20, min_samples_leaf=2, min_samples_split=5, n_estimators=200, random_state=42; total time=   3.3s
[CV] END max_depth=20, min_samples_leaf=2, min_samples_split=10, n_estimators=200, random_state=42; total time=   3.0s
[CV] END max_depth=20, min_samples_leaf=4, min_samples_split=2, n_estimators=100, random_state=42; total time=   1.4s
[CV] END max_depth=20, min_samples_leaf=4, min_samples_split=5, n_estimators=50, random_state=42; total time=   0.7s
[CV] END max_depth=20, min_samples_leaf=4, min_samples_split=5, n_estimators=50, random_state=42; total time=   0.7s
[CV] END max_depth=20, min_samples_leaf=4, min_samples_split=5, n_estimators=100, random_state=42; total time=   1.3s
[CV] END max_depth=20, min_samples_leaf=4, min_samples_split=10, n_estimators=50, random_state=42; total time=   0.7s
[CV] END max_depth=20, min_samples_leaf=4, min_samples_split=10, n_estimators=100, random_state=42; total time=   1.5s
[CV] END max_depth=20, min_samples_leaf=4, min_samples_split=10, n_estimators=200, random_state=42; total time=   2.8s
[CV] END max_depth=100, min_samples_leaf=1, min_samples_split=2, n_estimators=200, random_state=42; total time=   3.2s
[CV] END max_depth=100, min_samples_leaf=1, min_samples_split=5, n_estimators=100, random_state=42; total time=   1.6s
[CV] END max_depth=100, min_samples_leaf=1, min_samples_split=10, n_estimators=50, random_state=42; total time=   0.8s
[CV] END max_depth=100, min_samples_leaf=1, min_samples_split=10, n_estimators=50, random_state=42; total time=   0.9s
[CV] END max_depth=100, min_samples_leaf=1, min_samples_split=10, n_estimators=100, random_state=42; total time=   1.5s
[CV] END max_depth=100, min_samples_leaf=1, min_samples_split=10, n_estimators=200, random_state=42; total time=   3.3s
[CV] END max_depth=100, min_samples_leaf=2, min_samples_split=2, n_estimators=200, random_state=42; total time=   3.3s
[CV] END max_depth=100, min_samples_leaf=2, min_samples_split=5, n_estimators=200, random_state=42; total time=   3.0s
[CV] END max_depth=100, min_samples_leaf=2, min_samples_split=10, n_estimators=100, random_state=42; total time=   1.5s
[CV] END max_depth=100, min_samples_leaf=4, min_samples_split=2, n_estimators=50, random_state=42; total time=   0.7s
[CV] END max_depth=100, min_samples_leaf=4, min_samples_split=2, n_estimators=100, random_state=42; total time=   1.3s
[CV] END max_depth=100, min_samples_leaf=4, min_samples_split=2, n_estimators=200, random_state=42; total time=   3.9s
[CV] END max_depth=100, min_samples_leaf=4, min_samples_split=5, n_estimators=200, random_state=42; total time=   2.7s
[CV] END max_depth=100, min_samples_leaf=4, min_samples_split=10, n_estimators=200, random_state=42; total time=   2.7s
[CV] END max_depth=1, min_samples_leaf=1, min_samples_split=2, n_estimators=50, random_state=42; total time=   0.1s
[CV] END max_depth=1, min_samples_leaf=1, min_samples_split=2, n_estimators=100, random_state=42; total time=   0.3s
[CV] END max_depth=1, min_samples_leaf=1, min_samples_split=5, n_estimators=50, random_state=42; total time=   0.1s
[CV] END max_depth=1, min_samples_leaf=1, min_samples_split=5, n_estimators=100, random_state=42; total time=   0.3s
[CV] END max_depth=1, min_samples_leaf=1, min_samples_split=5, n_estimators=200, random_state=42; total time=   0.7s
[CV] END max_depth=1, min_samples_leaf=1, min_samples_split=10, n_estimators=200, random_state=42; total time=   0.7s
[CV] END max_depth=1, min_samples_leaf=2, min_samples_split=2, n_estimators=100, random_state=42; total time=   0.3s
[CV] END max_depth=1, min_samples_leaf=2, min_samples_split=5, n_estimators=50, random_state=42; total time=   0.1s
[CV] END max_depth=1, min_samples_leaf=2, min_samples_split=5, n_estimators=100, random_state=42; total time=   0.3s
[CV] END max_depth=1, min_samples_leaf=2, min_samples_split=5, n_estimators=200, random_state=42; total time=   0.6s
[CV] END max_depth=1, min_samples_leaf=2, min_samples_split=10, n_estimators=200, random_state=42; total time=   0.6s
[CV] END max_depth=1, min_samples_leaf=4, min_samples_split=2, n_estimators=100, random_state=42; total time=   0.3s
[CV] END max_depth=1, min_samples_leaf=4, min_samples_split=2, n_estimators=200, random_state=42; total time=   0.7s
[CV] END max_depth=1, min_samples_leaf=4, min_samples_split=5, n_estimators=200, random_state=42; total time=   0.7s
[CV] END max_depth=1, min_samples_leaf=4, min_samples_split=10, n_estimators=100, random_state=42; total time=   0.3s
[CV] END max_depth=10, min_samples_leaf=1, min_samples_split=2, n_estimators=50, random_state=42; total time=   0.4s
[CV] END max_depth=10, min_samples_leaf=1, min_samples_split=2, n_estimators=100, random_state=42; total time=   0.9s
[CV] END max_depth=10, min_samples_leaf=1, min_samples_split=5, n_estimators=50, random_state=42; total time=   0.4s
[CV] END max_depth=10, min_samples_leaf=1, min_samples_split=5, n_estimators=50, random_state=42; total time=   0.4s
[CV] END max_depth=10, min_samples_leaf=1, min_samples_split=5, n_estimators=100, random_state=42; total time=   0.9s
[CV] END max_depth=10, min_samples_leaf=1, min_samples_split=5, n_estimators=200, random_state=42; total time=   2.1s
[CV] END max_depth=10, min_samples_leaf=1, min_samples_split=10, n_estimators=200, random_state=42; total time=   2.0s
[CV] END max_depth=10, min_samples_leaf=2, min_samples_split=2, n_estimators=200, random_state=42; total time=   2.2s
[CV] END max_depth=10, min_samples_leaf=2, min_samples_split=5, n_estimators=100, random_state=42; total time=   1.3s
[CV] END max_depth=10, min_samples_leaf=2, min_samples_split=10, n_estimators=50, random_state=42; total time=   0.6s
[CV] END max_depth=10, min_samples_leaf=2, min_samples_split=10, n_estimators=100, random_state=42; total time=   1.2s
[CV] END max_depth=10, min_samples_leaf=2, min_samples_split=10, n_estimators=200, random_state=42; total time=   2.5s
[CV] END max_depth=10, min_samples_leaf=4, min_samples_split=2, n_estimators=200, random_state=42; total time=   2.5s
[CV] END max_depth=10, min_samples_leaf=4, min_samples_split=5, n_estimators=100, random_state=42; total time=   1.2s
[CV] END max_depth=10, min_samples_leaf=4, min_samples_split=10, n_estimators=50, random_state=42; total time=   0.6s
[CV] END max_depth=10, min_samples_leaf=4, min_samples_split=10, n_estimators=50, random_state=42; total time=   0.6s
[CV] END max_depth=10, min_samples_leaf=4, min_samples_split=10, n_estimators=100, random_state=42; total time=   1.2s
[CV] END max_depth=20, min_samples_leaf=1, min_samples_split=2, n_estimators=50, random_state=42; total time=   0.8s
[CV] END max_depth=20, min_samples_leaf=1, min_samples_split=2, n_estimators=50, random_state=42; total time=   0.7s
[CV] END max_depth=20, min_samples_leaf=1, min_samples_split=2, n_estimators=100, random_state=42; total time=   1.5s
[CV] END max_depth=20, min_samples_leaf=1, min_samples_split=5, n_estimators=50, random_state=42; total time=   0.8s
[CV] END max_depth=20, min_samples_leaf=1, min_samples_split=5, n_estimators=50, random_state=42; total time=   1.0s
[CV] END max_depth=20, min_samples_leaf=1, min_samples_split=5, n_estimators=100, random_state=42; total time=   2.0s
[CV] END max_depth=20, min_samples_leaf=1, min_samples_split=10, n_estimators=50, random_state=42; total time=   1.0s
[CV] END max_depth=20, min_samples_leaf=1, min_samples_split=10, n_estimators=100, random_state=42; total time=   1.5s
[CV] END max_depth=20, min_samples_leaf=1, min_samples_split=10, n_estimators=200, random_state=42; total time=   3.2s
[CV] END max_depth=20, min_samples_leaf=2, min_samples_split=2, n_estimators=200, random_state=42; total time=   3.6s
[CV] END max_depth=20, min_samples_leaf=2, min_samples_split=5, n_estimators=200, random_state=42; total time=   3.3s
[CV] END max_depth=20, min_samples_leaf=2, min_samples_split=10, n_estimators=100, random_state=42; total time=   1.7s
[CV] END max_depth=20, min_samples_leaf=4, min_samples_split=2, n_estimators=50, random_state=42; total time=   0.7s
[CV] END max_depth=20, min_samples_leaf=4, min_samples_split=2, n_estimators=100, random_state=42; total time=   1.3s
[CV] END max_depth=20, min_samples_leaf=4, min_samples_split=2, n_estimators=200, random_state=42; total time=   2.7s
[CV] END max_depth=20, min_samples_leaf=4, min_samples_split=5, n_estimators=200, random_state=42; total time=   2.7s
[CV] END max_depth=20, min_samples_leaf=4, min_samples_split=10, n_estimators=100, random_state=42; total time=   1.6s
[CV] END max_depth=100, min_samples_leaf=1, min_samples_split=2, n_estimators=50, random_state=42; total time=   0.8s
[CV] END max_depth=100, min_samples_leaf=1, min_samples_split=2, n_estimators=100, random_state=42; total time=   1.6s
[CV] END max_depth=100, min_samples_leaf=1, min_samples_split=2, n_estimators=200, random_state=42; total time=   3.2s
[CV] END max_depth=100, min_samples_leaf=1, min_samples_split=5, n_estimators=200, random_state=42; total time=   3.0s
[CV] END max_depth=100, min_samples_leaf=1, min_samples_split=10, n_estimators=100, random_state=42; total time=   1.6s
[CV] END max_depth=100, min_samples_leaf=2, min_samples_split=2, n_estimators=50, random_state=42; total time=   0.8s
[CV] END max_depth=100, min_samples_leaf=2, min_samples_split=2, n_estimators=50, random_state=42; total time=   0.8s
[CV] END max_depth=100, min_samples_leaf=2, min_samples_split=2, n_estimators=100, random_state=42; total time=   1.5s
[CV] END max_depth=100, min_samples_leaf=2, min_samples_split=5, n_estimators=50, random_state=42; total time=   1.0s
[CV] END max_depth=100, min_samples_leaf=2, min_samples_split=5, n_estimators=50, random_state=42; total time=   0.7s
[CV] END max_depth=100, min_samples_leaf=2, min_samples_split=5, n_estimators=100, random_state=42; total time=   1.5s
[CV] END max_depth=100, min_samples_leaf=2, min_samples_split=5, n_estimators=200, random_state=42; total time=   3.0s
[CV] END max_depth=100, min_samples_leaf=2, min_samples_split=10, n_estimators=200, random_state=42; total time=   2.9s
[CV] END max_depth=100, min_samples_leaf=4, min_samples_split=2, n_estimators=200, random_state=42; total time=   2.8s
[CV] END max_depth=100, min_samples_leaf=4, min_samples_split=5, n_estimators=100, random_state=42; total time=   1.4s
[CV] END max_depth=100, min_samples_leaf=4, min_samples_split=5, n_estimators=200, random_state=42; total time=   2.9s
[CV] END max_depth=100, min_samples_leaf=4, min_samples_split=10, n_estimators=200, random_state=42; total time=   2.8s
[CV] END max_depth=1, min_samples_leaf=1, min_samples_split=2, n_estimators=50, random_state=42; total time=   0.2s
[CV] END max_depth=1, min_samples_leaf=1, min_samples_split=2, n_estimators=200, random_state=42; total time=   0.6s
[CV] END max_depth=1, min_samples_leaf=1, min_samples_split=5, n_estimators=100, random_state=42; total time=   0.3s
[CV] END max_depth=1, min_samples_leaf=1, min_samples_split=10, n_estimators=50, random_state=42; total time=   0.1s
[CV] END max_depth=1, min_samples_leaf=1, min_samples_split=10, n_estimators=50, random_state=42; total time=   0.1s
[CV] END max_depth=1, min_samples_leaf=1, min_samples_split=10, n_estimators=100, random_state=42; total time=   0.3s
[CV] END max_depth=1, min_samples_leaf=1, min_samples_split=10, n_estimators=200, random_state=42; total time=   0.7s
[CV] END max_depth=1, min_samples_leaf=2, min_samples_split=2, n_estimators=200, random_state=42; total time=   0.7s
[CV] END max_depth=1, min_samples_leaf=2, min_samples_split=5, n_estimators=200, random_state=42; total time=   0.7s
[CV] END max_depth=1, min_samples_leaf=2, min_samples_split=10, n_estimators=100, random_state=42; total time=   0.3s
[CV] END max_depth=1, min_samples_leaf=4, min_samples_split=2, n_estimators=50, random_state=42; total time=   0.1s
[CV] END max_depth=1, min_samples_leaf=4, min_samples_split=2, n_estimators=50, random_state=42; total time=   0.2s
[CV] END max_depth=1, min_samples_leaf=4, min_samples_split=2, n_estimators=100, random_state=42; total time=   0.3s
[CV] END max_depth=1, min_samples_leaf=4, min_samples_split=5, n_estimators=50, random_state=42; total time=   0.1s
[CV] END max_depth=1, min_samples_leaf=4, min_samples_split=5, n_estimators=100, random_state=42; total time=   0.3s
[CV] END max_depth=1, min_samples_leaf=4, min_samples_split=5, n_estimators=200, random_state=42; total time=   0.7s
[CV] END max_depth=1, min_samples_leaf=4, min_samples_split=10, n_estimators=200, random_state=42; total time=   0.7s
[CV] END max_depth=10, min_samples_leaf=1, min_samples_split=2, n_estimators=50, random_state=42; total time=   0.5s
[CV] END max_depth=10, min_samples_leaf=1, min_samples_split=2, n_estimators=200, random_state=42; total time=   1.9s
[CV] END max_depth=10, min_samples_leaf=1, min_samples_split=5, n_estimators=200, random_state=42; total time=   2.0s
[CV] END max_depth=10, min_samples_leaf=1, min_samples_split=10, n_estimators=100, random_state=42; total time=   1.0s
[CV] END max_depth=10, min_samples_leaf=2, min_samples_split=2, n_estimators=50, random_state=42; total time=   0.4s
[CV] END max_depth=10, min_samples_leaf=2, min_samples_split=2, n_estimators=50, random_state=42; total time=   0.5s
[CV] END max_depth=10, min_samples_leaf=2, min_samples_split=2, n_estimators=100, random_state=42; total time=   1.1s
[CV] END max_depth=10, min_samples_leaf=2, min_samples_split=5, n_estimators=50, random_state=42; total time=   0.5s
[CV] END max_depth=10, min_samples_leaf=2, min_samples_split=5, n_estimators=50, random_state=42; total time=   0.5s
[CV] END max_depth=10, min_samples_leaf=2, min_samples_split=5, n_estimators=100, random_state=42; total time=   1.2s
[CV] END max_depth=10, min_samples_leaf=2, min_samples_split=5, n_estimators=200, random_state=42; total time=   2.5s
[CV] END max_depth=10, min_samples_leaf=2, min_samples_split=10, n_estimators=200, random_state=42; total time=   2.5s
[CV] END max_depth=10, min_samples_leaf=4, min_samples_split=2, n_estimators=200, random_state=42; total time=   2.3s
[CV] END max_depth=10, min_samples_leaf=4, min_samples_split=5, n_estimators=100, random_state=42; total time=   1.2s
[CV] END max_depth=10, min_samples_leaf=4, min_samples_split=10, n_estimators=50, random_state=42; total time=   0.6s
[CV] END max_depth=10, min_samples_leaf=4, min_samples_split=10, n_estimators=100, random_state=42; total time=   1.3s
[CV] END max_depth=10, min_samples_leaf=4, min_samples_split=10, n_estimators=200, random_state=42; total time=   2.3s
[CV] END max_depth=20, min_samples_leaf=1, min_samples_split=2, n_estimators=200, random_state=42; total time=   3.1s
[CV] END max_depth=20, min_samples_leaf=1, min_samples_split=5, n_estimators=100, random_state=42; total time=   1.5s
[CV] END max_depth=20, min_samples_leaf=1, min_samples_split=5, n_estimators=200, random_state=42; total time=   3.1s
[CV] END max_depth=20, min_samples_leaf=1, min_samples_split=10, n_estimators=200, random_state=42; total time=   2.8s
[CV] END max_depth=20, min_samples_leaf=2, min_samples_split=2, n_estimators=100, random_state=42; total time=   2.0s
[CV] END max_depth=20, min_samples_leaf=2, min_samples_split=5, n_estimators=50, random_state=42; total time=   1.0s
[CV] END max_depth=20, min_samples_leaf=2, min_samples_split=5, n_estimators=100, random_state=42; total time=   1.5s
[CV] END max_depth=20, min_samples_leaf=2, min_samples_split=5, n_estimators=200, random_state=42; total time=   3.0s
[CV] END max_depth=20, min_samples_leaf=2, min_samples_split=10, n_estimators=200, random_state=42; total time=   3.1s
[CV] END max_depth=20, min_samples_leaf=4, min_samples_split=2, n_estimators=200, random_state=42; total time=   2.7s
[CV] END max_depth=20, min_samples_leaf=4, min_samples_split=5, n_estimators=100, random_state=42; total time=   1.4s
[CV] END max_depth=20, min_samples_leaf=4, min_samples_split=10, n_estimators=50, random_state=42; total time=   0.7s
[CV] END max_depth=20, min_samples_leaf=4, min_samples_split=10, n_estimators=50, random_state=42; total time=   0.7s
[CV] END max_depth=20, min_samples_leaf=4, min_samples_split=10, n_estimators=100, random_state=42; total time=   1.6s
[CV] END max_depth=100, min_samples_leaf=1, min_samples_split=2, n_estimators=50, random_state=42; total time=   0.8s
[CV] END max_depth=100, min_samples_leaf=1, min_samples_split=2, n_estimators=50, random_state=42; total time=   0.8s
[CV] END max_depth=100, min_samples_leaf=1, min_samples_split=2, n_estimators=100, random_state=42; total time=   1.6s
[CV] END max_depth=100, min_samples_leaf=1, min_samples_split=5, n_estimators=50, random_state=42; total time=   0.8s
[CV] END max_depth=100, min_samples_leaf=1, min_samples_split=5, n_estimators=50, random_state=42; total time=   0.8s
[CV] END max_depth=100, min_samples_leaf=1, min_samples_split=5, n_estimators=100, random_state=42; total time=   1.6s
[CV] END max_depth=100, min_samples_leaf=1, min_samples_split=10, n_estimators=50, random_state=42; total time=   0.8s
[CV] END max_depth=100, min_samples_leaf=1, min_samples_split=10, n_estimators=50, random_state=42; total time=   0.8s
[CV] END max_depth=100, min_samples_leaf=1, min_samples_split=10, n_estimators=100, random_state=42; total time=   1.5s
[CV] END max_depth=100, min_samples_leaf=2, min_samples_split=2, n_estimators=50, random_state=42; total time=   0.9s
[CV] END max_depth=100, min_samples_leaf=2, min_samples_split=2, n_estimators=50, random_state=42; total time=   0.8s
[CV] END max_depth=100, min_samples_leaf=2, min_samples_split=2, n_estimators=100, random_state=42; total time=   1.6s
[CV] END max_depth=100, min_samples_leaf=2, min_samples_split=2, n_estimators=200, random_state=42; total time=   3.3s
[CV] END max_depth=100, min_samples_leaf=2, min_samples_split=5, n_estimators=200, random_state=42; total time=   3.0s
[CV] END max_depth=100, min_samples_leaf=2, min_samples_split=10, n_estimators=200, random_state=42; total time=   2.9s
[CV] END max_depth=100, min_samples_leaf=4, min_samples_split=2, n_estimators=100, random_state=42; total time=   1.4s
[CV] END max_depth=100, min_samples_leaf=4, min_samples_split=5, n_estimators=50, random_state=42; total time=   0.7s
[CV] END max_depth=100, min_samples_leaf=4, min_samples_split=5, n_estimators=50, random_state=42; total time=   0.9s
[CV] END max_depth=100, min_samples_leaf=4, min_samples_split=5, n_estimators=100, random_state=42; total time=   1.8s
[CV] END max_depth=100, min_samples_leaf=4, min_samples_split=10, n_estimators=50, random_state=42; total time=   0.7s
[CV] END max_depth=100, min_samples_leaf=4, min_samples_split=10, n_estimators=100, random_state=42; total time=   1.4s
[CV] END max_depth=100, min_samples_leaf=4, min_samples_split=10, n_estimators=200, random_state=42; total time=   3.0s
[CV] END max_depth=1, min_samples_leaf=1, min_samples_split=2, n_estimators=100, random_state=42; total time=   0.3s
[CV] END max_depth=1, min_samples_leaf=1, min_samples_split=5, n_estimators=50, random_state=42; total time=   0.1s
[CV] END max_depth=1, min_samples_leaf=1, min_samples_split=5, n_estimators=50, random_state=42; total time=   0.1s
[CV] END max_depth=1, min_samples_leaf=1, min_samples_split=5, n_estimators=100, random_state=42; total time=   0.3s
[CV] END max_depth=1, min_samples_leaf=1, min_samples_split=10, n_estimators=50, random_state=42; total time=   0.1s
[CV] END max_depth=1, min_samples_leaf=1, min_samples_split=10, n_estimators=100, random_state=42; total time=   0.3s
[CV] END max_depth=1, min_samples_leaf=1, min_samples_split=10, n_estimators=200, random_state=42; total time=   0.6s
[CV] END max_depth=1, min_samples_leaf=2, min_samples_split=2, n_estimators=200, random_state=42; total time=   0.6s
[CV] END max_depth=1, min_samples_leaf=2, min_samples_split=5, n_estimators=100, random_state=42; total time=   0.3s
[CV] END max_depth=1, min_samples_leaf=2, min_samples_split=10, n_estimators=50, random_state=42; total time=   0.1s
[CV] END max_depth=1, min_samples_leaf=2, min_samples_split=10, n_estimators=50, random_state=42; total time=   0.1s
[CV] END max_depth=1, min_samples_leaf=2, min_samples_split=10, n_estimators=100, random_state=42; total time=   0.3s
[CV] END max_depth=1, min_samples_leaf=2, min_samples_split=10, n_estimators=200, random_state=42; total time=   0.7s
[CV] END max_depth=1, min_samples_leaf=4, min_samples_split=2, n_estimators=200, random_state=42; total time=   0.7s
[CV] END max_depth=1, min_samples_leaf=4, min_samples_split=5, n_estimators=200, random_state=42; total time=   0.7s
[CV] END max_depth=1, min_samples_leaf=4, min_samples_split=10, n_estimators=100, random_state=42; total time=   0.3s
[CV] END max_depth=1, min_samples_leaf=4, min_samples_split=10, n_estimators=200, random_state=42; total time=   0.7s
[CV] END max_depth=10, min_samples_leaf=1, min_samples_split=2, n_estimators=200, random_state=42; total time=   1.9s
[CV] END max_depth=10, min_samples_leaf=1, min_samples_split=5, n_estimators=100, random_state=42; total time=   0.9s
[CV] END max_depth=10, min_samples_leaf=1, min_samples_split=10, n_estimators=50, random_state=42; total time=   0.4s
[CV] END max_depth=10, min_samples_leaf=1, min_samples_split=10, n_estimators=50, random_state=42; total time=   0.4s
[CV] END max_depth=10, min_samples_leaf=1, min_samples_split=10, n_estimators=100, random_state=42; total time=   0.9s
[CV] END max_depth=10, min_samples_leaf=2, min_samples_split=2, n_estimators=50, random_state=42; total time=   0.4s
[CV] END max_depth=10, min_samples_leaf=2, min_samples_split=2, n_estimators=50, random_state=42; total time=   0.5s
[CV] END max_depth=10, min_samples_leaf=2, min_samples_split=2, n_estimators=100, random_state=42; total time=   1.1s
[CV] END max_depth=10, min_samples_leaf=2, min_samples_split=2, n_estimators=200, random_state=42; total time=   2.3s
[CV] END max_depth=10, min_samples_leaf=2, min_samples_split=5, n_estimators=200, random_state=42; total time=   2.6s
[CV] END max_depth=10, min_samples_leaf=2, min_samples_split=10, n_estimators=200, random_state=42; total time=   2.5s
[CV] END max_depth=10, min_samples_leaf=4, min_samples_split=2, n_estimators=100, random_state=42; total time=   1.2s
[CV] END max_depth=10, min_samples_leaf=4, min_samples_split=5, n_estimators=50, random_state=42; total time=   0.6s
[CV] END max_depth=10, min_samples_leaf=4, min_samples_split=5, n_estimators=50, random_state=42; total time=   0.6s
[CV] END max_depth=10, min_samples_leaf=4, min_samples_split=5, n_estimators=100, random_state=42; total time=   1.2s
[CV] END max_depth=10, min_samples_leaf=4, min_samples_split=10, n_estimators=50, random_state=42; total time=   0.6s
[CV] END max_depth=10, min_samples_leaf=4, min_samples_split=10, n_estimators=50, random_state=42; total time=   0.6s
[CV] END max_depth=10, min_samples_leaf=4, min_samples_split=10, n_estimators=100, random_state=42; total time=   1.2s
[CV] END max_depth=10, min_samples_leaf=4, min_samples_split=10, n_estimators=200, random_state=42; total time=   2.5s
[CV] END max_depth=20, min_samples_leaf=1, min_samples_split=2, n_estimators=200, random_state=42; total time=   3.4s
[CV] END max_depth=20, min_samples_leaf=1, min_samples_split=5, n_estimators=200, random_state=42; total time=   3.7s
[CV] END max_depth=20, min_samples_leaf=1, min_samples_split=10, n_estimators=100, random_state=42; total time=   1.6s
[CV] END max_depth=20, min_samples_leaf=2, min_samples_split=2, n_estimators=50, random_state=42; total time=   0.8s
[CV] END max_depth=20, min_samples_leaf=2, min_samples_split=2, n_estimators=100, random_state=42; total time=   1.6s
[CV] END max_depth=20, min_samples_leaf=2, min_samples_split=2, n_estimators=200, random_state=42; total time=   2.9s
[CV] END max_depth=20, min_samples_leaf=2, min_samples_split=5, n_estimators=200, random_state=42; total time=   3.2s
[CV] END max_depth=20, min_samples_leaf=2, min_samples_split=10, n_estimators=100, random_state=42; total time=   1.7s
[CV] END max_depth=20, min_samples_leaf=4, min_samples_split=2, n_estimators=50, random_state=42; total time=   0.7s
[CV] END max_depth=20, min_samples_leaf=4, min_samples_split=2, n_estimators=50, random_state=42; total time=   0.7s
[CV] END max_depth=20, min_samples_leaf=4, min_samples_split=2, n_estimators=100, random_state=42; total time=   1.4s
[CV] END max_depth=20, min_samples_leaf=4, min_samples_split=5, n_estimators=50, random_state=42; total time=   0.7s
[CV] END max_depth=20, min_samples_leaf=4, min_samples_split=5, n_estimators=50, random_state=42; total time=   0.7s
[CV] END max_depth=20, min_samples_leaf=4, min_samples_split=5, n_estimators=100, random_state=42; total time=   1.4s
[CV] END max_depth=20, min_samples_leaf=4, min_samples_split=5, n_estimators=200, random_state=42; total time=   3.1s
[CV] END max_depth=20, min_samples_leaf=4, min_samples_split=10, n_estimators=200, random_state=42; total time=   2.8s
[CV] END max_depth=100, min_samples_leaf=1, min_samples_split=2, n_estimators=200, random_state=42; total time=   3.3s
[CV] END max_depth=100, min_samples_leaf=1, min_samples_split=5, n_estimators=200, random_state=42; total time=   3.2s
[CV] END max_depth=100, min_samples_leaf=1, min_samples_split=10, n_estimators=100, random_state=42; total time=   1.7s
[CV] END max_depth=100, min_samples_leaf=2, min_samples_split=2, n_estimators=50, random_state=42; total time=   0.9s
[CV] END max_depth=100, min_samples_leaf=2, min_samples_split=2, n_estimators=100, random_state=42; total time=   1.5s
[CV] END max_depth=100, min_samples_leaf=2, min_samples_split=2, n_estimators=200, random_state=42; total time=   3.4s
[CV] END max_depth=100, min_samples_leaf=2, min_samples_split=5, n_estimators=200, random_state=42; total time=   3.0s
[CV] END max_depth=100, min_samples_leaf=2, min_samples_split=10, n_estimators=200, random_state=42; total time=   2.9s
[CV] END max_depth=100, min_samples_leaf=4, min_samples_split=2, n_estimators=100, random_state=42; total time=   1.7s
[CV] END max_depth=100, min_samples_leaf=4, min_samples_split=5, n_estimators=50, random_state=42; total time=   1.0s
[CV] END max_depth=100, min_samples_leaf=4, min_samples_split=5, n_estimators=100, random_state=42; total time=   2.0s
[CV] END max_depth=100, min_samples_leaf=4, min_samples_split=5, n_estimators=200, random_state=42; total time=   2.7s
[CV] END max_depth=100, min_samples_leaf=4, min_samples_split=10, n_estimators=200, random_state=42; total time=   2.9s
[CV] END max_depth=1, min_samples_leaf=1, min_samples_split=2, n_estimators=100, random_state=42; total time=   0.3s
[CV] END max_depth=1, min_samples_leaf=1, min_samples_split=2, n_estimators=200, random_state=42; total time=   0.6s
[CV] END max_depth=1, min_samples_leaf=1, min_samples_split=5, n_estimators=200, random_state=42; total time=   0.6s
[CV] END max_depth=1, min_samples_leaf=1, min_samples_split=10, n_estimators=100, random_state=42; total time=   0.3s
[CV] END max_depth=1, min_samples_leaf=2, min_samples_split=2, n_estimators=50, random_state=42; total time=   0.1s
[CV] END max_depth=1, min_samples_leaf=2, min_samples_split=2, n_estimators=50, random_state=42; total time=   0.1s
[CV] END max_depth=1, min_samples_leaf=2, min_samples_split=2, n_estimators=200, random_state=42; total time=   0.6s
[CV] END max_depth=1, min_samples_leaf=2, min_samples_split=5, n_estimators=100, random_state=42; total time=   0.3s
[CV] END max_depth=1, min_samples_leaf=2, min_samples_split=5, n_estimators=200, random_state=42; total time=   0.7s
[CV] END max_depth=1, min_samples_leaf=2, min_samples_split=10, n_estimators=200, random_state=42; total time=   0.7s
[CV] END max_depth=1, min_samples_leaf=4, min_samples_split=2, n_estimators=200, random_state=42; total time=   0.7s
[CV] END max_depth=1, min_samples_leaf=4, min_samples_split=5, n_estimators=100, random_state=42; total time=   0.3s
[CV] END max_depth=1, min_samples_leaf=4, min_samples_split=5, n_estimators=200, random_state=42; total time=   0.7s
[CV] END max_depth=1, min_samples_leaf=4, min_samples_split=10, n_estimators=200, random_state=42; total time=   0.7s
[CV] END max_depth=10, min_samples_leaf=1, min_samples_split=2, n_estimators=100, random_state=42; total time=   0.9s
[CV] END max_depth=10, min_samples_leaf=1, min_samples_split=2, n_estimators=200, random_state=42; total time=   1.8s
[CV] END max_depth=10, min_samples_leaf=1, min_samples_split=5, n_estimators=200, random_state=42; total time=   1.8s
[CV] END max_depth=10, min_samples_leaf=1, min_samples_split=10, n_estimators=200, random_state=42; total time=   2.0s
[CV] END max_depth=10, min_samples_leaf=2, min_samples_split=2, n_estimators=100, random_state=42; total time=   1.2s
[CV] END max_depth=10, min_samples_leaf=2, min_samples_split=5, n_estimators=50, random_state=42; total time=   0.6s
[CV] END max_depth=10, min_samples_leaf=2, min_samples_split=5, n_estimators=50, random_state=42; total time=   0.5s
[CV] END max_depth=10, min_samples_leaf=2, min_samples_split=5, n_estimators=100, random_state=42; total time=   1.3s
[CV] END max_depth=10, min_samples_leaf=2, min_samples_split=10, n_estimators=50, random_state=42; total time=   0.6s
[CV] END max_depth=10, min_samples_leaf=2, min_samples_split=10, n_estimators=50, random_state=42; total time=   0.6s
[CV] END max_depth=10, min_samples_leaf=2, min_samples_split=10, n_estimators=100, random_state=42; total time=   1.3s
[CV] END max_depth=10, min_samples_leaf=4, min_samples_split=2, n_estimators=50, random_state=42; total time=   0.6s
[CV] END max_depth=10, min_samples_leaf=4, min_samples_split=2, n_estimators=50, random_state=42; total time=   0.6s
[CV] END max_depth=10, min_samples_leaf=4, min_samples_split=2, n_estimators=100, random_state=42; total time=   1.2s
[CV] END max_depth=10, min_samples_leaf=4, min_samples_split=2, n_estimators=200, random_state=42; total time=   2.5s
[CV] END max_depth=10, min_samples_leaf=4, min_samples_split=5, n_estimators=200, random_state=42; total time=   2.4s
[CV] END max_depth=10, min_samples_leaf=4, min_samples_split=10, n_estimators=200, random_state=42; total time=   2.4s
[CV] END max_depth=20, min_samples_leaf=1, min_samples_split=2, n_estimators=100, random_state=42; total time=   1.5s
[CV] END max_depth=20, min_samples_leaf=1, min_samples_split=5, n_estimators=50, random_state=42; total time=   0.8s
[CV] END max_depth=20, min_samples_leaf=1, min_samples_split=5, n_estimators=100, random_state=42; total time=   1.9s
[CV] END max_depth=20, min_samples_leaf=1, min_samples_split=5, n_estimators=200, random_state=42; total time=   3.6s
[CV] END max_depth=20, min_samples_leaf=1, min_samples_split=10, n_estimators=200, random_state=42; total time=   3.1s
[CV] END max_depth=20, min_samples_leaf=2, min_samples_split=2, n_estimators=200, random_state=42; total time=   3.5s
[CV] END max_depth=20, min_samples_leaf=2, min_samples_split=5, n_estimators=100, random_state=42; total time=   1.7s
[CV] END max_depth=20, min_samples_leaf=2, min_samples_split=10, n_estimators=50, random_state=42; total time=   0.7s
[CV] END max_depth=20, min_samples_leaf=2, min_samples_split=10, n_estimators=100, random_state=42; total time=   1.5s
[CV] END max_depth=20, min_samples_leaf=2, min_samples_split=10, n_estimators=200, random_state=42; total time=   2.8s
[CV] END max_depth=20, min_samples_leaf=4, min_samples_split=2, n_estimators=200, random_state=42; total time=   2.7s
[CV] END max_depth=20, min_samples_leaf=4, min_samples_split=5, n_estimators=100, random_state=42; total time=   1.3s
[CV] END max_depth=20, min_samples_leaf=4, min_samples_split=10, n_estimators=50, random_state=42; total time=   0.7s
[CV] END max_depth=20, min_samples_leaf=4, min_samples_split=10, n_estimators=50, random_state=42; total time=   0.7s
[CV] END max_depth=20, min_samples_leaf=4, min_samples_split=10, n_estimators=100, random_state=42; total time=   1.6s
[CV] END max_depth=100, min_samples_leaf=1, min_samples_split=2, n_estimators=50, random_state=42; total time=   0.8s
[CV] END max_depth=100, min_samples_leaf=1, min_samples_split=2, n_estimators=50, random_state=42; total time=   0.8s
[CV] END max_depth=100, min_samples_leaf=1, min_samples_split=2, n_estimators=100, random_state=42; total time=   1.6s
[CV] END max_depth=100, min_samples_leaf=1, min_samples_split=5, n_estimators=50, random_state=42; total time=   0.8s
[CV] END max_depth=100, min_samples_leaf=1, min_samples_split=5, n_estimators=100, random_state=42; total time=   1.6s
[CV] END max_depth=100, min_samples_leaf=1, min_samples_split=5, n_estimators=200, random_state=42; total time=   3.2s
[CV] END max_depth=100, min_samples_leaf=1, min_samples_split=10, n_estimators=200, random_state=42; total time=   3.2s
[CV] END max_depth=100, min_samples_leaf=2, min_samples_split=2, n_estimators=100, random_state=42; total time=   1.7s
[CV] END max_depth=100, min_samples_leaf=2, min_samples_split=5, n_estimators=50, random_state=42; total time=   0.8s
[CV] END max_depth=100, min_samples_leaf=2, min_samples_split=5, n_estimators=100, random_state=42; total time=   1.5s
[CV] END max_depth=100, min_samples_leaf=2, min_samples_split=5, n_estimators=200, random_state=42; total time=   3.0s
[CV] END max_depth=100, min_samples_leaf=2, min_samples_split=10, n_estimators=100, random_state=42; total time=   1.5s
[CV] END max_depth=100, min_samples_leaf=4, min_samples_split=2, n_estimators=50, random_state=42; total time=   0.7s
[CV] END max_depth=100, min_samples_leaf=4, min_samples_split=2, n_estimators=50, random_state=42; total time=   0.7s
[CV] END max_depth=100, min_samples_leaf=4, min_samples_split=2, n_estimators=100, random_state=42; total time=   1.6s
[CV] END max_depth=100, min_samples_leaf=4, min_samples_split=5, n_estimators=50, random_state=42; total time=   1.0s
[CV] END max_depth=100, min_samples_leaf=4, min_samples_split=5, n_estimators=50, random_state=42; total time=   1.1s
[CV] END max_depth=100, min_samples_leaf=4, min_samples_split=5, n_estimators=200, random_state=42; total time=   2.6s
[CV] END max_depth=100, min_samples_leaf=4, min_samples_split=10, n_estimators=100, random_state=42; total time=   1.3s
[CV] END max_depth=100, min_samples_leaf=4, min_samples_split=10, n_estimators=200, random_state=42; total time=   3.0s
